2026-03-24 00:30:36 | INFO    | swarm | ⏰ SCHEDULER [job_start]: engagement 
2026-03-24 00:30:50 | INFO    | swarm | 📤 POSTED [browser] (engagement): Genuinely curious — what's stopping you from automating your content?...
2026-03-24 02:31:15 | INFO    | swarm | ⏰ SCHEDULER [job_start]: engagement 
2026-03-24 02:31:44 | INFO    | swarm | 📤 POSTED [browser] (engagement): What would you automate if you could? I'll share how I'd approach it....
2026-03-24 05:04:12 | INFO    | swarm | ⏰ SCHEDULER [job_start]: engagement 
2026-03-24 05:04:28 | INFO    | swarm | 📤 POSTED [browser] (engagement): Drop your favorite tool — I'll share mine too....
2026-03-24 07:00:04 | INFO    | swarm | ⏰ SCHEDULER [swarm_started]: main 14 jobs loaded
2026-03-24 07:00:04 | INFO    | swarm | ⏰ SCHEDULER [job_start]: metrics_sync 
2026-03-24 07:00:05 | INFO    | swarm | 📡 SYNCED [twitter]: {"followers": 169, "posts": 1207}
2026-03-24 07:00:05 | INFO    | swarm | 📡 SYNCED [stripe]: {"revenue": 0.0, "sales": 0}
2026-03-24 07:00:05 | INFO    | swarm | 📊 SNAPSHOT: 169 followers (+0), 1207 posts, $0.00 revenue
2026-03-24 07:00:05 | INFO    | swarm | 🚀 Swarm loop started. Next job: 2026-03-24 08:00:00
2026-03-24 07:04:29 | INFO    | swarm | ⏰ SCHEDULER [job_start]: engagement 
2026-03-24 07:04:39 | INFO    | swarm | 📤 POSTED [browser] (engagement): What AI tool do you use the most? I'll share if there's a free alternative....
2026-03-24 08:00:06 | INFO    | swarm | ⏰ SCHEDULER [job_start]: metrics_sync 
2026-03-24 08:00:07 | INFO    | swarm | 📡 SYNCED [twitter]: {"followers": 169, "posts": 1208}
2026-03-24 08:00:07 | INFO    | swarm | 📡 SYNCED [stripe]: {"revenue": 0.0, "sales": 0}
2026-03-24 08:00:07 | INFO    | swarm | 📊 SNAPSHOT: 169 followers (+0), 1208 posts, $0.00 revenue
2026-03-24 08:00:09 | INFO    | swarm | ⏰ SCHEDULER [job_start]: metrics_sync 
2026-03-24 08:00:11 | INFO    | swarm | 📡 SYNCED [twitter]: {"followers": 169, "posts": 1208}
2026-03-24 08:00:11 | INFO    | swarm | 📡 SYNCED [stripe]: {"revenue": 0.0, "sales": 0}
2026-03-24 08:00:11 | INFO    | swarm | 📊 SNAPSHOT: 169 followers (+0), 1208 posts, $0.00 revenue
2026-03-24 09:00:24 | INFO    | swarm | ⏰ SCHEDULER [job_start]: engagement 
2026-03-24 09:01:05 | INFO    | swarm | 📤 POSTED [browser] (engagement): Ok so 14 AI is actually insane. Tweet Hunter, for example, curates top tweets in...
2026-03-24 09:04:54 | INFO    | swarm | ⏰ SCHEDULER [job_start]: engagement 
2026-03-24 09:05:25 | INFO    | swarm | 📤 POSTED [browser] (engagement): The AI space rn is bonkers. # Related Answers Section

In 2026, the AI landscape...
2026-03-24 10:30:00 | INFO    | swarm | ⏰ SCHEDULER [job_start]: reply_engagement 
2026-03-24 10:30:10 | INFO    | swarm | ⏰ SCHEDULER [job_start]: reply_engagement 
